This file contains any messages produced by compilers while
running configure, to aid debugging if configure makes a mistake.

It was created by configure, which was
generated by GNU Autoconf 2.69.  Invocation command line was

  $ ./configure 

## --------- ##
## Platform. ##
## --------- ##

hostname = CRO-DSK-095
uname -m = i686
uname -r = 1.7.17(0.262/5/3)
uname -s = CYGWIN_NT-6.1-WOW64
uname -v = 2012-10-19 14:39

/usr/bin/uname -p = unknown
/bin/uname -X     = unknown

/bin/arch              = i686
/usr/bin/arch -k       = unknown
/usr/convex/getsysinfo = unknown
/usr/bin/hostinfo      = unknown
/bin/machine           = unknown
/usr/bin/oslevel       = unknown
/bin/universe          = unknown

PATH: /usr/local/bin
PATH: /usr/bin
PATH: /cygdrive/c/Windows/system32
PATH: /cygdrive/c/Windows
PATH: /cygdrive/c/Windows/System32/Wbem
PATH: /cygdrive/c/Windows/System32/WindowsPowerShell/v1.0
PATH: /cygdrive/c/Program Files (x86)/Kaspersky Lab/Kaspersky Endpoint Security 8 for Windows
PATH: /cygdrive/c/Program Files/Microsoft/Web Platform Installer
PATH: /cygdrive/c/Program Files (x86)/Microsoft ASP.NET/ASP.NET Web Pages/v1.0
PATH: /cygdrive/c/Program Files (x86)/Windows Kits/8.0/Windows Performance Toolkit
PATH: /cygdrive/c/Program Files/Microsoft SQL Server/110/Tools/Binn
PATH: /cygdrive/c/Program Files (x86)/Microsoft SQL Server/100/Tools/Binn
PATH: /cygdrive/c/Program Files/Microsoft SQL Server/100/Tools/Binn
PATH: /cygdrive/c/Program Files/Microsoft SQL Server/100/DTS/Binn
PATH: /cygdrive/c/Program Files (x86)/Microsoft SQL Server/100/Tools/Binn/VSShell/Common7/IDE
PATH: /cygdrive/c/Program Files (x86)/Microsoft SQL Server/100/DTS/Binn


## ----------- ##
## Core tests. ##
## ----------- ##

configure:1702: checking whether make sets $(MAKE)
configure:1728: result: no
configure:1776: checking for a BSD-compatible install
configure:1844: result: /usr/bin/install -c
configure:1857: checking for makeinfo
configure:1873: found /usr/bin/makeinfo
configure:1885: result: makeinfo
configure:1895: checking for texi2dvi
configure:1911: found /usr/bin/texi2dvi
configure:1923: result: texi2dvi
configure:1933: checking for ptex
configure:1961: result: false
configure:1971: checking for jbibtex
configure:1999: result: false
configure:2009: checking for dvipdfmx
configure:2037: result: false
configure:2047: checking for texi2pdf
configure:2063: found /usr/bin/texi2pdf
configure:2075: result: texi2pdf
configure:2087: checking for egrep
configure:2103: found /usr/bin/egrep
configure:2114: result: egrep
configure:2319: checking for emacs
configure:2337: found /usr/bin/emacs
configure:2349: result: /usr/bin/emacs
configure:2376: checking what a flavor does /usr/bin/emacs have
/usr/bin/emacs -q -no-site-file -batch -eval '(let ((x (if (featurep (quote xemacs))
	"XEmacs"
      (concat "Emacs "
	      (mapconcat (function identity)
			 (nreverse
			  (cdr (nreverse
				(split-string emacs-version
					      (concat (vector 92 46))))))
			 "."))))) (write-region (format "%s" x) nil "./conftest-7316" nil 5))'
=> Emacs 24.3
configure:2420: result: Emacs 24.3
configure:2432: checking prefix for /usr/bin/emacs
/usr/bin/emacs -q -no-site-file -batch -eval '(let ((x (expand-file-name ".." invocation-directory))) (write-region (format "%s" x) nil "./conftest-7316" nil 5))'
=> /usr
configure:2463: result: /usr
configure:2471: checking where lisp files should go
configure:2493: result: $(prefix)/share/emacs/site-lisp/w3m/
configure:2655: checking where icon files should go
/usr/bin/emacs -q -no-site-file -batch -eval '(let ((x (let ((prefix "/usr")	      (default (expand-file-name "images/w3m" data-directory)))	  (if (and prefix		   (progn		     (setq prefix (file-name-as-directory prefix))		     (eq 0 (string-match (regexp-quote prefix) default))))	      (replace-match "$(prefix)/" nil nil default)	    default)))) (write-region (format "%s" x) nil "./conftest-7316" nil 5))'
=> $(prefix)/share/emacs/24.3/etc/images/w3m
configure:2699: result: $(prefix)/share/emacs/24.3/etc/images/w3m
configure:2895: creating ./config.status

## ---------------------- ##
## Running config.status. ##
## ---------------------- ##

This file was extended by config.status, which was
generated by GNU Autoconf 2.69.  Invocation command line was

  CONFIG_FILES    = 
  CONFIG_HEADERS  = 
  CONFIG_LINKS    = 
  CONFIG_COMMANDS = 
  $ ./config.status 

on CRO-DSK-095

config.status:731: creating Makefile
config.status:731: creating doc/Makefile

## ---------------- ##
## Cache variables. ##
## ---------------- ##

EMACS_cv_SYS_flavor='Emacs 24.3'
EMACS_cv_SYS_icondir='$(prefix)/share/emacs/24.3/etc/images/w3m'
EMACS_cv_SYS_prefix=/usr
ac_cv_env_build_alias_set=
ac_cv_env_build_alias_value=
ac_cv_env_host_alias_set=
ac_cv_env_host_alias_value=
ac_cv_env_target_alias_set=
ac_cv_env_target_alias_value=
ac_cv_path_EMACS=/usr/bin/emacs
ac_cv_path_install='/usr/bin/install -c'
ac_cv_prog_DVIPDFMX=false
ac_cv_prog_EGREP=egrep
ac_cv_prog_JBIBTEX=false
ac_cv_prog_MAKEINFO=makeinfo
ac_cv_prog_PTEX=false
ac_cv_prog_TEXI2DVI=texi2dvi
ac_cv_prog_TEXI2PDF=texi2pdf
ac_cv_prog_make_make_set=no

## ----------------- ##
## Output variables. ##
## ----------------- ##

ADDITIONAL_LOAD_PATH='NONE'
DEFS='-DPACKAGE_NAME=\"\" -DPACKAGE_TARNAME=\"\" -DPACKAGE_VERSION=\"\" -DPACKAGE_STRING=\"\" -DPACKAGE_BUGREPORT=\"\" -DPACKAGE_URL=\"\"'
DVIPDFMX='false'
ECHO_C=''
ECHO_N='-n'
ECHO_T=''
EGREP='egrep'
EMACS='/usr/bin/emacs'
ICONDIR='$(prefix)/share/emacs/24.3/etc/images/w3m'
INSTALL_DATA='${INSTALL} -m 644'
INSTALL_PROGRAM='${INSTALL}'
INSTALL_SCRIPT='${INSTALL}'
JBIBTEX='false'
LIBOBJS=''
LIBS=''
LTLIBOBJS=''
MAKEINFO='makeinfo'
PACKAGEDIR='NONE'
PACKAGE_BUGREPORT=''
PACKAGE_NAME=''
PACKAGE_STRING=''
PACKAGE_TARNAME=''
PACKAGE_URL=''
PACKAGE_VERSION=''
PATH_SEPARATOR=':'
PTEX='false'
SET_MAKE='MAKE=make'
SHELL='/bin/sh'
TEXI2DVI='texi2dvi'
TEXI2PDF='texi2pdf'
VANILLA_FLAG='-q -no-site-file'
XEMACSDEBUG=''
bindir='${exec_prefix}/bin'
build_alias=''
datadir='${datarootdir}'
datarootdir='${prefix}/share'
docdir='${datarootdir}/doc/${PACKAGE}'
dvidir='${docdir}'
exec_prefix='${prefix}'
host_alias=''
htmldir='${docdir}'
includedir='${prefix}/include'
infodir='${datarootdir}/info'
libdir='${exec_prefix}/lib'
libexecdir='${exec_prefix}/libexec'
lispdir='$(prefix)/share/emacs/site-lisp/w3m'
localedir='${datarootdir}/locale'
localstatedir='${prefix}/var'
mandir='${datarootdir}/man'
oldincludedir='/usr/include'
pdfdir='${docdir}'
prefix='/usr'
program_transform_name='s,x,x,'
psdir='${docdir}'
sbindir='${exec_prefix}/sbin'
sharedstatedir='${prefix}/com'
sysconfdir='${prefix}/etc'
target_alias=''

## ----------- ##
## confdefs.h. ##
## ----------- ##

/* confdefs.h */
#define PACKAGE_NAME ""
#define PACKAGE_TARNAME ""
#define PACKAGE_VERSION ""
#define PACKAGE_STRING ""
#define PACKAGE_BUGREPORT ""
#define PACKAGE_URL ""

configure: exit 0
